[*] Starting recon for: bykea.com
[*] Output will be saved in: /home/jayrid/bugbounty/recon/bykea.com/2025-06-07_16-44-05
[*] Timestamp: 2025-06-07_16-44-05
-----------------------------------------
[*] Running Subfinder...

               __    _____           __         
   _______  __/ /_  / __(_)___  ____/ /__  _____
  / ___/ / / / __ \/ /_/ / __ \/ __  / _ \/ ___/
 (__  ) /_/ / /_/ / __/ / / / / /_/ /  __/ /    
/____/\__,_/_.___/_/ /_/_/ /_/\__,_/\___/_/

		projectdiscovery.io

[[34mINF[0m] Current subfinder version v2.6.0 ([91moutdated[0m)
[[34mINF[0m] Loading provider config from /home/jayrid/.config/subfinder/provider-config.yaml
[[34mINF[0m] Enumerating subdomains for bykea.com
webmail.bykea.com
customer.bykea.com
www.customer.bykea.com
www.inv.bykea.com
cpcontacts.bykea.com
webnew.bykea.com
newbykea.bykea.com
www.demo.bykea.com
www.partner.bykea.com
cpcalendars.bykea.com
demo.bykea.com
inv.bykea.com
www.ourweb.bykea.com
cpanel.bykea.com
help.bykea.com
www.help.bykea.com
autodiscover.bykea.com
ourweb.bykea.com
www.newbykea.bykea.com
bykea.com
mail.bykea.com
webdisk.bykea.com
partner.bykea.com
www.bykea.com
www.webnew.bykea.com
[[34mINF[0m] Found 25 subdomains for bykea.com in 2 seconds 221 milliseconds
[*] Probing with HTTPx...

    __    __  __       _  __
   / /_  / /_/ /_____ | |/ /
  / __ \/ __/ __/ __ \|   /
 / / / / /_/ /_/ /_/ /   |
/_/ /_/\__/\__/ .___/_/|_|
             /_/

		projectdiscovery.io

[[34mINF[0m] Current httpx version v1.7.0 ([92mlatest[0m)
[[93mWRN[0m] UI Dashboard is disabled, Use -dashboard option to enable
https://www.bykea.com
https://bykea.com
http://webdisk.bykea.com
http://partner.bykea.com
http://www.inv.bykea.com
http://www.ourweb.bykea.com
http://cpcontacts.bykea.com
http://newbykea.bykea.com
http://help.bykea.com
http://www.webnew.bykea.com
http://customer.bykea.com
http://www.newbykea.bykea.com
http://ourweb.bykea.com
http://webmail.bykea.com
http://www.customer.bykea.com
http://inv.bykea.com
http://www.help.bykea.com
http://cpcalendars.bykea.com
http://webnew.bykea.com
http://www.demo.bykea.com
http://cpanel.bykea.com
[*] Pulling Wayback URLs...
[*] Running Nuclei scans...

                     __     _
   ____  __  _______/ /__  (_)
  / __ \/ / / / ___/ / _ \/ /
 / / / / /_/ / /__/ /  __/ /
/_/ /_/\__,_/\___/_/\___/_/   v3.4.4

		projectdiscovery.io

[[34mINF[0m] Current nuclei version: v3.4.4 ([92mlatest[0m)
[[34mINF[0m] Current nuclei-templates version: v10.2.2 ([92mlatest[0m)
[[93mWRN[0m] Scan results upload to cloud is disabled.
[[34mINF[0m] New templates added in latest release: 65
[[34mINF[0m] Templates loaded for current scan: 7988
[[34mINF[0m] Executing 7790 signed templates from projectdiscovery/nuclei-templates
[[93mWRN[0m] Loading 198 unsigned templates for scan. Use with caution.
[[34mINF[0m] Targets loaded for current scan: 21
[[34mINF[0m] Templates clustered: 1741 (Reduced 34377 Requests)
[[92mdns-waf-detect[0m:[1;92mcloudflare[0m] [[94mdns[0m] [[34minfo[0m] bykea.com
[[34mINF[0m] Using Interactsh Server: oast.fun
