[*] Starting recon for: nykea.com
[*] Output will be saved in: /home/jayrid/bugbounty/recon/nykea.com/2025-06-07_16-38-33
[*] Timestamp: 2025-06-07_16-38-33
-----------------------------------------
[*] Running Subfinder...
[[34mINF[0m] Detected old /home/jayrid/.config/subfinder/config.yaml config file, trying to migrate providers to /home/jayrid/.config/subfinder/provider-config.yaml
[[34mINF[0m] Migration successful from /home/jayrid/.config/subfinder/config.yaml to /home/jayrid/.config/subfinder/provider-config.yaml.

               __    _____           __         
   _______  __/ /_  / __(_)___  ____/ /__  _____
  / ___/ / / / __ \/ /_/ / __ \/ __  / _ \/ ___/
 (__  ) /_/ / /_/ / __/ / / / / /_/ /  __/ /    
/____/\__,_/_.___/_/ /_/_/ /_/\__,_/\___/_/

		projectdiscovery.io

[[34mINF[0m] Current subfinder version v2.6.0 ([91moutdated[0m)
[[34mINF[0m] Loading provider config from /home/jayrid/.config/subfinder/provider-config.yaml
[[34mINF[0m] Enumerating subdomains for nykea.com
www.nykea.com
[[34mINF[0m] Found 1 subdomains for nykea.com in 1 second 632 milliseconds
[*] Probing with HTTPx...
Usage: httpx [OPTIONS] URL

Error: No such option: -l
[*] Pulling Wayback URLs...
[*] Running Nuclei scans...

                     __     _
   ____  __  _______/ /__  (_)
  / __ \/ / / / ___/ / _ \/ /
 / / / / /_/ / /__/ /  __/ /
/_/ /_/\__,_/\___/_/\___/_/   v3.4.4

		projectdiscovery.io

[[34mINF[0m] nuclei-templates are not installed, installing...
[[34mINF[0m] Successfully installed nuclei-templates at /home/jayrid/nuclei-templates
[[1;31mFTL[0m] Could not create runner: could not create input provider: could not open targets file: open /home/jayrid/bugbounty/recon/nykea.com/2025-06-07_16-38-33/alive.txt: no such file or directory
-----------------------------------------
[*] Recon Complete
[*] Summary:
  - Subdomains found:   1
./recon.sh: line 36: /home/jayrid/bugbounty/recon/nykea.com/2025-06-07_16-38-33/alive.txt: No such file or directory
  - Live hosts:         
  - Wayback URLs:       286
./recon.sh: line 38: /home/jayrid/bugbounty/recon/nykea.com/2025-06-07_16-38-33/nuclei.txt: No such file or directory
  - Nuclei findings:    
[*] Log file saved to:  /home/jayrid/bugbounty/recon/nykea.com/2025-06-07_16-38-33/recon_nykea.com.log
