[*] Starting recon for: bykea.com
[*] Output will be saved in: /home/jayrid/bugbounty/recon/bykea.com/2025-06-07_16-39-40
[*] Timestamp: 2025-06-07_16-39-40
-----------------------------------------
[*] Running Subfinder...

               __    _____           __         
   _______  __/ /_  / __(_)___  ____/ /__  _____
  / ___/ / / / __ \/ /_/ / __ \/ __  / _ \/ ___/
 (__  ) /_/ / /_/ / __/ / / / / /_/ /  __/ /    
/____/\__,_/_.___/_/ /_/_/ /_/\__,_/\___/_/

		projectdiscovery.io

[[34mINF[0m] Current subfinder version v2.6.0 ([91moutdated[0m)
[[34mINF[0m] Loading provider config from /home/jayrid/.config/subfinder/provider-config.yaml
[[34mINF[0m] Enumerating subdomains for bykea.com
www.partner.bykea.com
ourweb.bykea.com
webmail.bykea.com
newbykea.bykea.com
demo.bykea.com
customer.bykea.com
www.webnew.bykea.com
cpanel.bykea.com
partner.bykea.com
www.inv.bykea.com
www.demo.bykea.com
cpcalendars.bykea.com
inv.bykea.com
cpcontacts.bykea.com
bykea.com
www.bykea.com
www.ourweb.bykea.com
autodiscover.bykea.com
help.bykea.com
webdisk.bykea.com
www.newbykea.bykea.com
www.help.bykea.com
www.customer.bykea.com
webnew.bykea.com
mail.bykea.com
[[34mINF[0m] Found 25 subdomains for bykea.com in 1 second 500 milliseconds
[*] Probing with HTTPx...
Usage: httpx [OPTIONS] URL

Error: No such option: -l
[*] Pulling Wayback URLs...
[*] Running Nuclei scans...

                     __     _
   ____  __  _______/ /__  (_)
  / __ \/ / / / ___/ / _ \/ /
 / / / / /_/ / /__/ /  __/ /
/_/ /_/\__,_/\___/_/\___/_/   v3.4.4

		projectdiscovery.io

[[1;31mFTL[0m] Could not create runner: could not create input provider: could not open targets file: open /home/jayrid/bugbounty/recon/bykea.com/2025-06-07_16-39-40/alive.txt: no such file or directory
-----------------------------------------
[*] Recon Complete
[*] Summary:
  - Subdomains found:   25
./recon.sh: line 36: /home/jayrid/bugbounty/recon/bykea.com/2025-06-07_16-39-40/alive.txt: No such file or directory
  - Live hosts:         
  - Wayback URLs:       2877
./recon.sh: line 38: /home/jayrid/bugbounty/recon/bykea.com/2025-06-07_16-39-40/nuclei.txt: No such file or directory
  - Nuclei findings:    
[*] Log file saved to:  /home/jayrid/bugbounty/recon/bykea.com/2025-06-07_16-39-40/recon_bykea.com.log
